<?xml version="1.0" encoding="UTF-8"?>
<!-- Generated by org.testng.reporters.JUnitReportReporter -->
<testsuite skipped="3" hostname="DT-AKASHM" name="com.healthec.test.functional.LoginPageUC" tests="4" failures="0" timestamp="25 Dec 2017 09:40:34 GMT" time="17.397" errors="0">
  <testcase name="Loginpage_TC_009" time="17.397" classname="com.healthec.test.functional.LoginPageUC"/>
  <testcase name="Loginpage_TC_001" classname="com.healthec.test.functional.LoginPageUC">
    <skipped/>
  </testcase> <!-- Loginpage_TC_001 -->
  <testcase name="Loginpage_TC_003" classname="com.healthec.test.functional.LoginPageUC">
    <skipped/>
  </testcase> <!-- Loginpage_TC_003 -->
  <testcase name="Loginpage_TC_002" classname="com.healthec.test.functional.LoginPageUC">
    <skipped/>
  </testcase> <!-- Loginpage_TC_002 -->
</testsuite> <!-- com.healthec.test.functional.LoginPageUC -->
