<?xml version="1.0" encoding="UTF-8"?>
<!-- Generated by org.testng.reporters.JUnitReportReporter -->
<testsuite skipped="6" hostname="DT-AKASHM" name="com.healthec.test.functional.DashboardPageUC" tests="15" failures="0" timestamp="01 Dec 2017 10:01:51 GMT" time="72.330" errors="2">
  <testcase name="dashBoardPageTC_008" time="30.081" classname="com.healthec.test.functional.DashboardPageUC"/>
  <testcase name="dashBoardPageTC_010" time="4.537" classname="com.healthec.test.functional.DashboardPageUC"/>
  <testcase name="dashBoardPageTC_011" time="6.280" classname="com.healthec.test.functional.DashboardPageUC"/>
  <testcase name="dashBoardPageTC_012" time="7.152" classname="com.healthec.test.functional.DashboardPageUC"/>
  <testcase name="dashBoardPageTC_013" time="6.535" classname="com.healthec.test.functional.DashboardPageUC"/>
  <testcase name="dashBoardPageTC_014" time="4.982" classname="com.healthec.test.functional.DashboardPageUC">
    <error type="org.openqa.selenium.WebDriverException" message="unknown error: Element &lt;i class=&quot;material-icons sub_head_lft_arrw_icn&quot;&gt;...&lt;/i&gt; is not clickable at point (19, 67). Other element would receive the click: &lt;div style=&quot;&quot; id=&quot;spinner&quot; class=&quot;spinner&quot;&gt;...&lt;/div&gt;
  (Session info: chrome=62.0.3202.84)
  (Driver info: chromedriver=2.28.455520 (cc17746adff54984afff480136733114c6b3704b),platform=Windows NT 10.0.14393 x86_64) (WARNING: The server did not provide any stacktrace information)
Command duration or timeout: 0 milliseconds
Build info: version: &#039;3.6.0&#039;, revision: &#039;6fbf3ec767&#039;, time: &#039;2017-09-27T15:28:36.4Z&#039;
System info: host: &#039;DT-AKASHM&#039;, ip: &#039;192.168.15.118&#039;, os.name: &#039;Windows 10&#039;, os.arch: &#039;amd64&#039;, os.version: &#039;10.0&#039;, java.version: &#039;1.8.0_131&#039;
Driver info: io.appium.java_client.android.AndroidDriver
Capabilities [{appPackage=com.healthec.providereconnect.phrpro, deviceScreenSize=720x1280, networkConnectionEnabled=true, warnings={}, databaseEnabled=false, deviceName=3300434c3110b265, platform=LINUX, deviceUDID=3300434c3110b265, appActivity=com.healthec.providereconnect.phrpro.HEALTHECPhrProActivity, platfromName=Android, desired={appPackage=com.healthec.providereconnect.phrpro, appActivity=com.healthec.providereconnect.phrpro.HEALTHECPhrProActivity, platfromName=Android, platformVersion=6.0.1, platformName=Android, deviceName=Real Device}, platformVersion=6.0.1, webStorageEnabled=false, locationContextEnabled=false, takesScreenshot=true, javascriptEnabled=true, deviceModel=SM-J700F, deviceManufacturer=samsung, platformName=LINUX}]
Session ID: b7d622ad-96b4-45c9-8f7d-0be74aafdd0a">
      <![CDATA[org.openqa.selenium.WebDriverException: unknown error: Element <i class="material-icons sub_head_lft_arrw_icn">...</i> is not clickable at point (19, 67). Other element would receive the click: <div style="" id="spinner" class="spinner">...</div>
  (Session info: chrome=62.0.3202.84)
  (Driver info: chromedriver=2.28.455520 (cc17746adff54984afff480136733114c6b3704b),platform=Windows NT 10.0.14393 x86_64) (WARNING: The server did not provide any stacktrace information)
Command duration or timeout: 0 milliseconds
Build info: version: '3.6.0', revision: '6fbf3ec767', time: '2017-09-27T15:28:36.4Z'
System info: host: 'DT-AKASHM', ip: '192.168.15.118', os.name: 'Windows 10', os.arch: 'amd64', os.version: '10.0', java.version: '1.8.0_131'
Driver info: io.appium.java_client.android.AndroidDriver
Capabilities [{appPackage=com.healthec.providereconnect.phrpro, deviceScreenSize=720x1280, networkConnectionEnabled=true, warnings={}, databaseEnabled=false, deviceName=3300434c3110b265, platform=LINUX, deviceUDID=3300434c3110b265, appActivity=com.healthec.providereconnect.phrpro.HEALTHECPhrProActivity, platfromName=Android, desired={appPackage=com.healthec.providereconnect.phrpro, appActivity=com.healthec.providereconnect.phrpro.HEALTHECPhrProActivity, platfromName=Android, platformVersion=6.0.1, platformName=Android, deviceName=Real Device}, platformVersion=6.0.1, webStorageEnabled=false, locationContextEnabled=false, takesScreenshot=true, javascriptEnabled=true, deviceModel=SM-J700F, deviceManufacturer=samsung, platformName=LINUX}]
Session ID: b7d622ad-96b4-45c9-8f7d-0be74aafdd0a
	at sun.reflect.NativeConstructorAccessorImpl.newInstance0(Native Method)
	at sun.reflect.NativeConstructorAccessorImpl.newInstance(Unknown Source)
	at sun.reflect.DelegatingConstructorAccessorImpl.newInstance(Unknown Source)
	at java.lang.reflect.Constructor.newInstance(Unknown Source)
	at org.openqa.selenium.remote.ErrorHandler.createThrowable(ErrorHandler.java:214)
	at org.openqa.selenium.remote.ErrorHandler.throwIfResponseFailed(ErrorHandler.java:166)
	at org.openqa.selenium.remote.http.JsonHttpResponseCodec.reconstructValue(JsonHttpResponseCodec.java:40)
	at org.openqa.selenium.remote.http.AbstractHttpResponseCodec.decode(AbstractHttpResponseCodec.java:82)
	at org.openqa.selenium.remote.http.AbstractHttpResponseCodec.decode(AbstractHttpResponseCodec.java:45)
	at org.openqa.selenium.remote.HttpCommandExecutor.execute(HttpCommandExecutor.java:164)
	at io.appium.java_client.remote.AppiumCommandExecutor.execute(AppiumCommandExecutor.java:89)
	at org.openqa.selenium.remote.RemoteWebDriver.execute(RemoteWebDriver.java:586)
	at io.appium.java_client.DefaultGenericMobileDriver.execute(DefaultGenericMobileDriver.java:42)
	at io.appium.java_client.AppiumDriver.execute(AppiumDriver.java:1)
	at io.appium.java_client.android.AndroidDriver.execute(AndroidDriver.java:1)
	at org.openqa.selenium.remote.RemoteWebElement.execute(RemoteWebElement.java:279)
	at io.appium.java_client.DefaultGenericMobileElement.execute(DefaultGenericMobileElement.java:45)
	at io.appium.java_client.MobileElement.execute(MobileElement.java:1)
	at io.appium.java_client.android.AndroidElement.execute(AndroidElement.java:1)
	at org.openqa.selenium.remote.RemoteWebElement.click(RemoteWebElement.java:83)
	at com.healthec.test.functional.DashboardPageUC.dashBoardPageTC_014(DashboardPageUC.java:169)
	at sun.reflect.NativeMethodAccessorImpl.invoke0(Native Method)
	at sun.reflect.NativeMethodAccessorImpl.invoke(Unknown Source)
	at sun.reflect.DelegatingMethodAccessorImpl.invoke(Unknown Source)
	at java.lang.reflect.Method.invoke(Unknown Source)
	at org.testng.internal.MethodInvocationHelper.invokeMethod(MethodInvocationHelper.java:108)
	at org.testng.internal.Invoker.invokeMethod(Invoker.java:661)
	at org.testng.internal.Invoker.invokeTestMethod(Invoker.java:869)
	at org.testng.internal.Invoker.invokeTestMethods(Invoker.java:1193)
	at org.testng.internal.TestMethodWorker.invokeTestMethods(TestMethodWorker.java:126)
	at org.testng.internal.TestMethodWorker.run(TestMethodWorker.java:109)
	at org.testng.TestRunner.privateRun(TestRunner.java:744)
	at org.testng.TestRunner.run(TestRunner.java:602)
	at org.testng.SuiteRunner.runTest(SuiteRunner.java:380)
	at org.testng.SuiteRunner.runSequentially(SuiteRunner.java:375)
	at org.testng.SuiteRunner.privateRun(SuiteRunner.java:340)
	at org.testng.SuiteRunner.run(SuiteRunner.java:289)
	at org.testng.SuiteRunnerWorker.runSuite(SuiteRunnerWorker.java:52)
	at org.testng.SuiteRunnerWorker.run(SuiteRunnerWorker.java:86)
	at org.testng.TestNG.runSuitesSequentially(TestNG.java:1301)
	at org.testng.TestNG.runSuitesLocally(TestNG.java:1226)
	at org.testng.TestNG.runSuites(TestNG.java:1144)
	at org.testng.TestNG.run(TestNG.java:1115)
	at org.testng.remote.AbstractRemoteTestNG.run(AbstractRemoteTestNG.java:132)
	at org.testng.remote.RemoteTestNG.initAndRun(RemoteTestNG.java:230)
	at org.testng.remote.RemoteTestNG.main(RemoteTestNG.java:76)
]]>
    </error>
  </testcase> <!-- dashBoardPageTC_014 -->
  <testcase name="dashBoardPageTC_016" time="5.567" classname="com.healthec.test.functional.DashboardPageUC"/>
  <testcase name="dashBoardPageTC_017" time="1.253" classname="com.healthec.test.functional.DashboardPageUC">
    <error type="org.openqa.selenium.WebDriverException" message="unknown error: Element &lt;i class=&quot;material-icons header_menu_icn&quot;&gt;...&lt;/i&gt; is not clickable at point (19, 22). Other element would receive the click: &lt;div style=&quot;&quot; id=&quot;spinner&quot; class=&quot;spinner&quot;&gt;...&lt;/div&gt;
  (Session info: chrome=62.0.3202.84)
  (Driver info: chromedriver=2.28.455520 (cc17746adff54984afff480136733114c6b3704b),platform=Windows NT 10.0.14393 x86_64) (WARNING: The server did not provide any stacktrace information)
Command duration or timeout: 0 milliseconds
Build info: version: &#039;3.6.0&#039;, revision: &#039;6fbf3ec767&#039;, time: &#039;2017-09-27T15:28:36.4Z&#039;
System info: host: &#039;DT-AKASHM&#039;, ip: &#039;192.168.15.118&#039;, os.name: &#039;Windows 10&#039;, os.arch: &#039;amd64&#039;, os.version: &#039;10.0&#039;, java.version: &#039;1.8.0_131&#039;
Driver info: io.appium.java_client.android.AndroidDriver
Capabilities [{appPackage=com.healthec.providereconnect.phrpro, deviceScreenSize=720x1280, networkConnectionEnabled=true, warnings={}, databaseEnabled=false, deviceName=3300434c3110b265, platform=LINUX, deviceUDID=3300434c3110b265, appActivity=com.healthec.providereconnect.phrpro.HEALTHECPhrProActivity, platfromName=Android, desired={appPackage=com.healthec.providereconnect.phrpro, appActivity=com.healthec.providereconnect.phrpro.HEALTHECPhrProActivity, platfromName=Android, platformVersion=6.0.1, platformName=Android, deviceName=Real Device}, platformVersion=6.0.1, webStorageEnabled=false, locationContextEnabled=false, takesScreenshot=true, javascriptEnabled=true, deviceModel=SM-J700F, deviceManufacturer=samsung, platformName=LINUX}]
Session ID: b7d622ad-96b4-45c9-8f7d-0be74aafdd0a">
      <![CDATA[org.openqa.selenium.WebDriverException: unknown error: Element <i class="material-icons header_menu_icn">...</i> is not clickable at point (19, 22). Other element would receive the click: <div style="" id="spinner" class="spinner">...</div>
  (Session info: chrome=62.0.3202.84)
  (Driver info: chromedriver=2.28.455520 (cc17746adff54984afff480136733114c6b3704b),platform=Windows NT 10.0.14393 x86_64) (WARNING: The server did not provide any stacktrace information)
Command duration or timeout: 0 milliseconds
Build info: version: '3.6.0', revision: '6fbf3ec767', time: '2017-09-27T15:28:36.4Z'
System info: host: 'DT-AKASHM', ip: '192.168.15.118', os.name: 'Windows 10', os.arch: 'amd64', os.version: '10.0', java.version: '1.8.0_131'
Driver info: io.appium.java_client.android.AndroidDriver
Capabilities [{appPackage=com.healthec.providereconnect.phrpro, deviceScreenSize=720x1280, networkConnectionEnabled=true, warnings={}, databaseEnabled=false, deviceName=3300434c3110b265, platform=LINUX, deviceUDID=3300434c3110b265, appActivity=com.healthec.providereconnect.phrpro.HEALTHECPhrProActivity, platfromName=Android, desired={appPackage=com.healthec.providereconnect.phrpro, appActivity=com.healthec.providereconnect.phrpro.HEALTHECPhrProActivity, platfromName=Android, platformVersion=6.0.1, platformName=Android, deviceName=Real Device}, platformVersion=6.0.1, webStorageEnabled=false, locationContextEnabled=false, takesScreenshot=true, javascriptEnabled=true, deviceModel=SM-J700F, deviceManufacturer=samsung, platformName=LINUX}]
Session ID: b7d622ad-96b4-45c9-8f7d-0be74aafdd0a
	at sun.reflect.NativeConstructorAccessorImpl.newInstance0(Native Method)
	at sun.reflect.NativeConstructorAccessorImpl.newInstance(Unknown Source)
	at sun.reflect.DelegatingConstructorAccessorImpl.newInstance(Unknown Source)
	at java.lang.reflect.Constructor.newInstance(Unknown Source)
	at org.openqa.selenium.remote.ErrorHandler.createThrowable(ErrorHandler.java:214)
	at org.openqa.selenium.remote.ErrorHandler.throwIfResponseFailed(ErrorHandler.java:166)
	at org.openqa.selenium.remote.http.JsonHttpResponseCodec.reconstructValue(JsonHttpResponseCodec.java:40)
	at org.openqa.selenium.remote.http.AbstractHttpResponseCodec.decode(AbstractHttpResponseCodec.java:82)
	at org.openqa.selenium.remote.http.AbstractHttpResponseCodec.decode(AbstractHttpResponseCodec.java:45)
	at org.openqa.selenium.remote.HttpCommandExecutor.execute(HttpCommandExecutor.java:164)
	at io.appium.java_client.remote.AppiumCommandExecutor.execute(AppiumCommandExecutor.java:89)
	at org.openqa.selenium.remote.RemoteWebDriver.execute(RemoteWebDriver.java:586)
	at io.appium.java_client.DefaultGenericMobileDriver.execute(DefaultGenericMobileDriver.java:42)
	at io.appium.java_client.AppiumDriver.execute(AppiumDriver.java:1)
	at io.appium.java_client.android.AndroidDriver.execute(AndroidDriver.java:1)
	at org.openqa.selenium.remote.RemoteWebElement.execute(RemoteWebElement.java:279)
	at io.appium.java_client.DefaultGenericMobileElement.execute(DefaultGenericMobileElement.java:45)
	at io.appium.java_client.MobileElement.execute(MobileElement.java:1)
	at io.appium.java_client.android.AndroidElement.execute(AndroidElement.java:1)
	at org.openqa.selenium.remote.RemoteWebElement.click(RemoteWebElement.java:83)
	at com.healthec.test.functional.DashboardPageUC.dashBoardPageTC_017(DashboardPageUC.java:189)
	at sun.reflect.NativeMethodAccessorImpl.invoke0(Native Method)
	at sun.reflect.NativeMethodAccessorImpl.invoke(Unknown Source)
	at sun.reflect.DelegatingMethodAccessorImpl.invoke(Unknown Source)
	at java.lang.reflect.Method.invoke(Unknown Source)
	at org.testng.internal.MethodInvocationHelper.invokeMethod(MethodInvocationHelper.java:108)
	at org.testng.internal.Invoker.invokeMethod(Invoker.java:661)
	at org.testng.internal.Invoker.invokeTestMethod(Invoker.java:869)
	at org.testng.internal.Invoker.invokeTestMethods(Invoker.java:1193)
	at org.testng.internal.TestMethodWorker.invokeTestMethods(TestMethodWorker.java:126)
	at org.testng.internal.TestMethodWorker.run(TestMethodWorker.java:109)
	at org.testng.TestRunner.privateRun(TestRunner.java:744)
	at org.testng.TestRunner.run(TestRunner.java:602)
	at org.testng.SuiteRunner.runTest(SuiteRunner.java:380)
	at org.testng.SuiteRunner.runSequentially(SuiteRunner.java:375)
	at org.testng.SuiteRunner.privateRun(SuiteRunner.java:340)
	at org.testng.SuiteRunner.run(SuiteRunner.java:289)
	at org.testng.SuiteRunnerWorker.runSuite(SuiteRunnerWorker.java:52)
	at org.testng.SuiteRunnerWorker.run(SuiteRunnerWorker.java:86)
	at org.testng.TestNG.runSuitesSequentially(TestNG.java:1301)
	at org.testng.TestNG.runSuitesLocally(TestNG.java:1226)
	at org.testng.TestNG.runSuites(TestNG.java:1144)
	at org.testng.TestNG.run(TestNG.java:1115)
	at org.testng.remote.AbstractRemoteTestNG.run(AbstractRemoteTestNG.java:132)
	at org.testng.remote.RemoteTestNG.initAndRun(RemoteTestNG.java:230)
	at org.testng.remote.RemoteTestNG.main(RemoteTestNG.java:76)
]]>
    </error>
  </testcase> <!-- dashBoardPageTC_017 -->
  <testcase name="dashBoardPageTC_018" time="5.943" classname="com.healthec.test.functional.DashboardPageUC"/>
  <testcase name="dashBoardPageTC_006" classname="com.healthec.test.functional.DashboardPageUC">
    <skipped/>
  </testcase> <!-- dashBoardPageTC_006 -->
  <testcase name="dashBoardPageTC_001" classname="com.healthec.test.functional.DashboardPageUC">
    <skipped/>
  </testcase> <!-- dashBoardPageTC_001 -->
  <testcase name="dashBoardPageTC_005" classname="com.healthec.test.functional.DashboardPageUC">
    <skipped/>
  </testcase> <!-- dashBoardPageTC_005 -->
  <testcase name="dashBoardPageTC_003" classname="com.healthec.test.functional.DashboardPageUC">
    <skipped/>
  </testcase> <!-- dashBoardPageTC_003 -->
  <testcase name="dashBoardPageTC_002" classname="com.healthec.test.functional.DashboardPageUC">
    <skipped/>
  </testcase> <!-- dashBoardPageTC_002 -->
  <testcase name="dashBoardPageTC_004" classname="com.healthec.test.functional.DashboardPageUC">
    <skipped/>
  </testcase> <!-- dashBoardPageTC_004 -->
</testsuite> <!-- com.healthec.test.functional.DashboardPageUC -->
