<?xml version="1.0" encoding="UTF-8"?>
<!-- Generated by org.testng.reporters.JUnitReportReporter -->
<testsuite skipped="0" hostname="DT-AKASHM" name="com.healthec.test.functional.LaunchAppTest" tests="1" failures="0" timestamp="18 Sep 2017 06:36:38 GMT" time="19.837" errors="0">
  <testcase name="launchAppTest" time="19.837" classname="com.healthec.test.functional.LaunchAppTest"/>
</testsuite> <!-- com.healthec.test.functional.LaunchAppTest -->
