<?xml version="1.0" encoding="UTF-8"?>
<!-- Generated by org.testng.reporters.JUnitReportReporter -->
<testsuite skipped="0" hostname="DT-AKASHM" name="com.healthec.test.functional.ProfilePageUC" tests="2" failures="0" timestamp="25 Dec 2017 09:40:34 GMT" time="163.059" errors="0">
  <testcase name="profilePageTC_001" time="7.125" classname="com.healthec.test.functional.ProfilePageUC"/>
  <testcase name="profilePageTC_009" time="155.934" classname="com.healthec.test.functional.ProfilePageUC"/>
</testsuite> <!-- com.healthec.test.functional.ProfilePageUC -->
